<?xml version="1.0" encoding="UTF-8"?>
<testng-results ignored="0" total="2" passed="1" failed="1" skipped="0">
  <reporter-output>
  </reporter-output>
  <suite started-at="2025-07-10T23:51:32 ICT" name="BGB Ticket Marketplace Tests" finished-at="2025-07-10T23:51:43 ICT" duration-ms="11505">
    <groups>
    </groups>
    <test started-at="2025-07-10T23:51:32 ICT" name="Run All Tests" finished-at="2025-07-10T23:51:43 ICT" duration-ms="11505">
      <class name="tests.champion_league.page_detail.UICheck">
        <test-method is-config="true" signature="setup(java.lang.String)[pri:0, instance:tests.champion_league.page_detail.UICheck@72e5a8e]" started-at="2025-07-10T23:51:32 ICT" name="setup" finished-at="2025-07-10T23:51:34 ICT" duration-ms="1724" status="PASS">
          <params>
            <param index="0">
              <value>
                <![CDATA[qa]]>
              </value>
            </param>
          </params>
          <reporter-output>
          </reporter-output>
        </test-method> <!-- setup -->
        <test-method signature="checkPathTitle()[pri:0, instance:tests.champion_league.page_detail.UICheck@72e5a8e]" started-at="2025-07-10T23:51:34 ICT" name="checkPathTitle" description="Verify Champion League detail page path title" finished-at="2025-07-10T23:51:38 ICT" duration-ms="4496" status="PASS">
          <reporter-output>
          </reporter-output>
        </test-method> <!-- checkPathTitle -->
        <test-method is-config="true" signature="tearDown()[pri:0, instance:tests.champion_league.page_detail.UICheck@72e5a8e]" started-at="2025-07-10T23:51:38 ICT" name="tearDown" finished-at="2025-07-10T23:51:38 ICT" duration-ms="105" status="PASS">
          <reporter-output>
          </reporter-output>
        </test-method> <!-- tearDown -->
        <test-method is-config="true" signature="setup(java.lang.String)[pri:0, instance:tests.champion_league.page_detail.UICheck@72e5a8e]" started-at="2025-07-10T23:51:38 ICT" name="setup" finished-at="2025-07-10T23:51:39 ICT" duration-ms="741" status="PASS">
          <params>
            <param index="0">
              <value>
                <![CDATA[qa]]>
              </value>
            </param>
          </params>
          <reporter-output>
          </reporter-output>
        </test-method> <!-- setup -->
        <test-method signature="checkTeam1RelatedTicketsSection()[pri:0, instance:tests.champion_league.page_detail.UICheck@72e5a8e]" started-at="2025-07-10T23:51:39 ICT" name="checkTeam1RelatedTicketsSection" description="Verify Champion League detail page team 1 related tickets title" finished-at="2025-07-10T23:51:43 ICT" duration-ms="3908" status="FAIL">
          <exception class="java.lang.AssertionError">
            <message>
              <![CDATA[Team 1 related tickets section title mismatch expected [More Paris Saint-Germain Matches] but found [MORE PARIS SAINT-GERMAIN MATCHES]]]>
            </message>
            <full-stacktrace>
              <![CDATA[java.lang.AssertionError: Team 1 related tickets section title mismatch expected [More Paris Saint-Germain Matches] but found [MORE PARIS SAINT-GERMAIN MATCHES]
at org.testng.Assert.fail(Assert.java:111)
at org.testng.Assert.failNotEquals(Assert.java:1578)
at org.testng.Assert.assertEqualsImpl(Assert.java:150)
at org.testng.Assert.assertEquals(Assert.java:132)
at org.testng.Assert.assertEquals(Assert.java:656)
at tests.champion_league.page_detail.UICheck.checkTeam1RelatedTicketsSection(UICheck.java:27)
at java.base/jdk.internal.reflect.DirectMethodHandleAccessor.invoke(DirectMethodHandleAccessor.java:103)
at java.base/java.lang.reflect.Method.invoke(Method.java:580)
at org.testng.internal.invokers.MethodInvocationHelper.invokeMethod(MethodInvocationHelper.java:139)
at org.testng.internal.invokers.TestInvoker.invokeMethod(TestInvoker.java:664)
at org.testng.internal.invokers.TestInvoker.invokeTestMethod(TestInvoker.java:228)
at org.testng.internal.invokers.MethodRunner.runInSequence(MethodRunner.java:63)
at org.testng.internal.invokers.TestInvoker$MethodInvocationAgent.invoke(TestInvoker.java:961)
at org.testng.internal.invokers.TestInvoker.invokeTestMethods(TestInvoker.java:201)
at org.testng.internal.invokers.TestMethodWorker.invokeTestMethods(TestMethodWorker.java:148)
at org.testng.internal.invokers.TestMethodWorker.run(TestMethodWorker.java:128)
at java.base/java.util.ArrayList.forEach(ArrayList.java:1596)
at org.testng.TestRunner.privateRun(TestRunner.java:819)
at org.testng.TestRunner.run(TestRunner.java:619)
at org.testng.SuiteRunner.runTest(SuiteRunner.java:443)
at org.testng.SuiteRunner.runSequentially(SuiteRunner.java:437)
at org.testng.SuiteRunner.privateRun(SuiteRunner.java:397)
at org.testng.SuiteRunner.run(SuiteRunner.java:336)
at org.testng.SuiteRunnerWorker.runSuite(SuiteRunnerWorker.java:52)
at org.testng.SuiteRunnerWorker.run(SuiteRunnerWorker.java:95)
at org.testng.TestNG.runSuitesSequentially(TestNG.java:1301)
at org.testng.TestNG.runSuitesLocally(TestNG.java:1228)
at org.testng.TestNG.runSuites(TestNG.java:1134)
at org.testng.TestNG.run(TestNG.java:1101)
at org.apache.maven.surefire.testng.TestNGExecutor.run(TestNGExecutor.java:308)
at org.apache.maven.surefire.testng.TestNGXmlTestSuite.execute(TestNGXmlTestSuite.java:71)
at org.apache.maven.surefire.testng.TestNGProvider.invoke(TestNGProvider.java:113)
at org.apache.maven.surefire.booter.ForkedBooter.runSuitesInProcess(ForkedBooter.java:385)
at org.apache.maven.surefire.booter.ForkedBooter.execute(ForkedBooter.java:162)
at org.apache.maven.surefire.booter.ForkedBooter.run(ForkedBooter.java:507)
at org.apache.maven.surefire.booter.ForkedBooter.main(ForkedBooter.java:495)
]]>
            </full-stacktrace>
          </exception> <!-- java.lang.AssertionError -->
          <reporter-output>
          </reporter-output>
        </test-method> <!-- checkTeam1RelatedTicketsSection -->
        <test-method is-config="true" signature="tearDown()[pri:0, instance:tests.champion_league.page_detail.UICheck@72e5a8e]" started-at="2025-07-10T23:51:43 ICT" name="tearDown" finished-at="2025-07-10T23:51:43 ICT" duration-ms="87" status="PASS">
          <reporter-output>
          </reporter-output>
        </test-method> <!-- tearDown -->
      </class> <!-- tests.champion_league.page_detail.UICheck -->
    </test> <!-- Run All Tests -->
  </suite> <!-- BGB Ticket Marketplace Tests -->
</testng-results>
